# JRE version: OpenJDK Runtime Environment (11.0.11+9) (build 11.0.11+9-b60-7590822)
# Java VM: OpenJDK 64-Bit Server VM (11.0.11+9-b60-7590822, mixed mode, tiered, compressed oops, g1 gc, windows-amd64)
Heap:
 garbage-first heap   total 158720K, used 90032K [0x0000000083000000, 0x0000000100000000)
  region size 1024K, 45 young (46080K), 3 survivors (3072K)
 Metaspace       used 64035K, capacity 64812K, committed 64900K, reserved 1105920K
  class space    used 7352K, capacity 7680K, committed 7680K, reserved 1048576K
GC Heap History (18 events):
Event: 1.101 GC heap before
{Heap before GC invocations=0 (full 0):
 garbage-first heap   total 129024K, used 27648K [0x0000000083000000, 0x0000000100000000)
  region size 1024K, 24 young (24576K), 0 survivors (0K)
 Metaspace       used 12353K, capacity 12504K, committed 12800K, reserved 1060864K
  class space    used 1163K, capacity 1207K, committed 1280K, reserved 1048576K
}
Event: 1.108 GC heap after
{Heap after GC invocations=1 (full 0):
 garbage-first heap   total 129024K, used 5736K [0x0000000083000000, 0x0000000100000000)
  region size 1024K, 3 young (3072K), 3 survivors (3072K)
 Metaspace       used 12353K, capacity 12504K, committed 12800K, reserved 1060864K
  class space    used 1163K, capacity 1207K, committed 1280K, reserved 1048576K
}
Event: 2.175 GC heap before
{Heap before GC invocations=1 (full 0):
 garbage-first heap   total 129024K, used 41576K [0x0000000083000000, 0x0000000100000000)
  region size 1024K, 39 young (39936K), 3 survivors (3072K)
 Metaspace       used 20954K, capacity 21178K, committed 21296K, reserved 1069056K
  class space    used 2281K, capacity 2379K, committed 2432K, reserved 1048576K
}
Event: 2.194 GC heap after
{Heap after GC invocations=2 (full 0):
 garbage-first heap   total 129024K, used 9440K [0x0000000083000000, 0x0000000100000000)
  region size 1024K, 7 young (7168K), 7 survivors (7168K)
 Metaspace       used 20954K, capacity 21178K, committed 21296K, reserved 1069056K
  class space    used 2281K, capacity 2379K, committed 2432K, reserved 1048576K
}
Event: 4.118 GC heap before
{Heap before GC invocations=3 (full 0):
 garbage-first heap   total 129024K, used 62688K [0x0000000083000000, 0x0000000100000000)
  region size 1024K, 54 young (55296K), 7 survivors (7168K)
 Metaspace       used 31983K, capacity 32461K, committed 32688K, reserved 1077248K
  class space    used 3848K, capacity 4009K, committed 4096K, reserved 1048576K
}
Event: 4.159 GC heap after
{Heap after GC invocations=4 (full 0):
 garbage-first heap   total 129024K, used 20472K [0x0000000083000000, 0x0000000100000000)
  region size 1024K, 7 young (7168K), 7 survivors (7168K)
 Metaspace       used 31983K, capacity 32461K, committed 32688K, reserved 1077248K
  class space    used 3848K, capacity 4009K, committed 4096K, reserved 1048576K
}
Event: 4.316 GC heap before
{Heap before GC invocations=4 (full 0):
 garbage-first heap   total 129024K, used 22520K [0x0000000083000000, 0x0000000100000000)
  region size 1024K, 9 young (9216K), 7 survivors (7168K)
 Metaspace       used 32006K, capacity 32493K, committed 32688K, reserved 1077248K
  class space    used 3853K, capacity 4041K, committed 4096K, reserved 1048576K
}
Event: 4.343 GC heap after
{Heap after GC invocations=5 (full 0):
 garbage-first heap   total 129024K, used 22103K [0x0000000083000000, 0x0000000100000000)
  region size 1024K, 2 young (2048K), 2 survivors (2048K)
 Metaspace       used 32006K, capacity 32493K, committed 32688K, reserved 1077248K
  class space    used 3853K, capacity 4041K, committed 4096K, reserved 1048576K
}
Event: 5.286 GC heap before
{Heap before GC invocations=5 (full 0):
 garbage-first heap   total 129024K, used 33367K [0x0000000083000000, 0x0000000100000000)
  region size 1024K, 14 young (14336K), 2 survivors (2048K)
 Metaspace       used 35359K, capacity 35805K, committed 35920K, reserved 1081344K
  class space    used 4431K, capacity 4588K, committed 4608K, reserved 1048576K
}
Event: 5.293 GC heap after
{Heap after GC invocations=6 (full 0):
 garbage-first heap   total 158720K, used 22109K [0x0000000083000000, 0x0000000100000000)
  region size 1024K, 2 young (2048K), 2 survivors (2048K)
 Metaspace       used 35359K, capacity 35805K, committed 35920K, reserved 1081344K
  class space    used 4431K, capacity 4588K, committed 4608K, reserved 1048576K
}
Event: 7.827 GC heap before
{Heap before GC invocations=7 (full 0):
 garbage-first heap   total 158720K, used 81501K [0x0000000083000000, 0x0000000100000000)
  region size 1024K, 58 young (59392K), 2 survivors (2048K)
 Metaspace       used 46893K, capacity 47417K, committed 47536K, reserved 1091584K
  class space    used 5591K, capacity 5805K, committed 5888K, reserved 1048576K
}
Event: 7.840 GC heap after
{Heap after GC invocations=8 (full 0):
 garbage-first heap   total 158720K, used 27744K [0x0000000083000000, 0x0000000100000000)
  region size 1024K, 7 young (7168K), 7 survivors (7168K)
 Metaspace       used 46893K, capacity 47417K, committed 47536K, reserved 1091584K
  class space    used 5591K, capacity 5805K, committed 5888K, reserved 1048576K
}
Event: 9.680 GC heap before
{Heap before GC invocations=8 (full 0):
 garbage-first heap   total 158720K, used 91232K [0x0000000083000000, 0x0000000100000000)
  region size 1024K, 68 young (69632K), 7 survivors (7168K)
 Metaspace       used 53796K, capacity 54456K, committed 54704K, reserved 1097728K
  class space    used 6375K, capacity 6637K, committed 6656K, reserved 1048576K
}
Event: 9.711 GC heap after
{Heap after GC invocations=9 (full 0):
 garbage-first heap   total 158720K, used 39157K [0x0000000083000000, 0x0000000100000000)
  region size 1024K, 9 young (9216K), 9 survivors (9216K)
 Metaspace       used 53796K, capacity 54456K, committed 54704K, reserved 1097728K
  class space    used 6375K, capacity 6637K, committed 6656K, reserved 1048576K
}
Event: 11.079 GC heap before
{Heap before GC invocations=9 (full 0):
 garbage-first heap   total 158720K, used 97525K [0x0000000083000000, 0x0000000100000000)
  region size 1024K, 66 young (67584K), 9 survivors (9216K)
 Metaspace       used 56819K, capacity 57540K, committed 57776K, reserved 1099776K
  class space    used 6584K, capacity 6876K, committed 6912K, reserved 1048576K
}
Event: 11.110 GC heap after
{Heap after GC invocations=10 (full 0):
 garbage-first heap   total 158720K, used 45425K [0x0000000083000000, 0x0000000100000000)
  region size 1024K, 9 young (9216K), 9 survivors (9216K)
 Metaspace       used 56819K, capacity 57540K, committed 57776K, reserved 1099776K
  class space    used 6584K, capacity 6876K, committed 6912K, reserved 1048576K
}
Event: 11.819 GC heap before
{Heap before GC invocations=10 (full 0):
 garbage-first heap   total 158720K, used 68977K [0x0000000083000000, 0x0000000100000000)
  region size 1024K, 33 young (33792K), 9 survivors (9216K)
 Metaspace       used 59669K, capacity 60325K, committed 60420K, reserved 1101824K
  class space    used 6925K, capacity 7248K, committed 7296K, reserved 1048576K
}
Event: 11.846 GC heap after
{Heap after GC invocations=11 (full 0):
 garbage-first heap   total 158720K, used 48048K [0x0000000083000000, 0x0000000100000000)
  region size 1024K, 3 young (3072K), 3 survivors (3072K)
 Metaspace       used 59669K, capacity 60325K, committed 60420K, reserved 1101824K
  class space    used 6925K, capacity 7248K, committed 7296K, reserved 1048576K
}

