# JRE version: OpenJDK Runtime Environment (11.0.11+9) (build 11.0.11+9-b60-7590822)
# Java VM: OpenJDK 64-Bit Server VM (11.0.11+9-b60-7590822, mixed mode, tiered, compressed oops, g1 gc, windows-amd64)
Heap:
 garbage-first heap   total 270336K, used 159795K [0x0000000080000000, 0x0000000100000000)
  region size 1024K, 18 young (18432K), 5 survivors (5120K)
 Metaspace       used 114111K, capacity 117119K, committed 117552K, reserved 1150976K
  class space    used 14488K, capacity 15555K, committed 15744K, reserved 1048576K
GC Heap History (20 events):
Event: 6697.061 GC heap before
{Heap before GC invocations=96 (full 0):
 garbage-first heap   total 187392K, used 157696K [0x0000000080000000, 0x0000000100000000)
  region size 1024K, 26 young (26624K), 4 survivors (4096K)
 Metaspace       used 109572K, capacity 112202K, committed 112432K, reserved 1146880K
  class space    used 13890K, capacity 14857K, committed 14976K, reserved 1048576K
}
Event: 6697.070 GC heap after
{Heap after GC invocations=97 (full 0):
 garbage-first heap   total 187392K, used 138497K [0x0000000080000000, 0x0000000100000000)
  region size 1024K, 3 young (3072K), 3 survivors (3072K)
 Metaspace       used 109572K, capacity 112202K, committed 112432K, reserved 1146880K
  class space    used 13890K, capacity 14857K, committed 14976K, reserved 1048576K
}
Event: 6697.497 GC heap before
{Heap before GC invocations=97 (full 0):
 garbage-first heap   total 187392K, used 144641K [0x0000000080000000, 0x0000000100000000)
  region size 1024K, 9 young (9216K), 3 survivors (3072K)
 Metaspace       used 109590K, capacity 112202K, committed 112432K, reserved 1146880K
  class space    used 13891K, capacity 14857K, committed 14976K, reserved 1048576K
}
Event: 6697.531 GC heap after
{Heap after GC invocations=98 (full 0):
 garbage-first heap   total 187392K, used 135234K [0x0000000080000000, 0x0000000100000000)
  region size 1024K, 1 young (1024K), 1 survivors (1024K)
 Metaspace       used 109590K, capacity 112202K, committed 112432K, reserved 1146880K
  class space    used 13891K, capacity 14857K, committed 14976K, reserved 1048576K
}
Event: 6698.738 GC heap before
{Heap before GC invocations=98 (full 0):
 garbage-first heap   total 187392K, used 157762K [0x0000000080000000, 0x0000000100000000)
  region size 1024K, 23 young (23552K), 1 survivors (1024K)
 Metaspace       used 110241K, capacity 112896K, committed 113072K, reserved 1146880K
  class space    used 13970K, capacity 14960K, committed 15104K, reserved 1048576K
}
Event: 6698.748 GC heap after
{Heap after GC invocations=99 (full 0):
 garbage-first heap   total 225280K, used 138785K [0x0000000080000000, 0x0000000100000000)
  region size 1024K, 3 young (3072K), 3 survivors (3072K)
 Metaspace       used 110241K, capacity 112896K, committed 113072K, reserved 1146880K
  class space    used 13970K, capacity 14960K, committed 15104K, reserved 1048576K
}
Event: 6699.563 GC heap before
{Heap before GC invocations=100 (full 0):
 garbage-first heap   total 225280K, used 174625K [0x0000000080000000, 0x0000000100000000)
  region size 1024K, 39 young (39936K), 3 survivors (3072K)
 Metaspace       used 111295K, capacity 114001K, committed 114224K, reserved 1148928K
  class space    used 14120K, capacity 15113K, committed 15232K, reserved 1048576K
}
Event: 6699.578 GC heap after
{Heap after GC invocations=101 (full 0):
 garbage-first heap   total 225280K, used 141548K [0x0000000080000000, 0x0000000100000000)
  region size 1024K, 3 young (3072K), 3 survivors (3072K)
 Metaspace       used 111295K, capacity 114001K, committed 114224K, reserved 1148928K
  class space    used 14120K, capacity 15113K, committed 15232K, reserved 1048576K
}
Event: 6699.700 GC heap before
{Heap before GC invocations=101 (full 0):
 garbage-first heap   total 225280K, used 149740K [0x0000000080000000, 0x0000000100000000)
  region size 1024K, 11 young (11264K), 3 survivors (3072K)
 Metaspace       used 111295K, capacity 114001K, committed 114224K, reserved 1148928K
  class space    used 14121K, capacity 15113K, committed 15232K, reserved 1048576K
}
Event: 6699.710 GC heap after
{Heap after GC invocations=102 (full 0):
 garbage-first heap   total 225280K, used 142000K [0x0000000080000000, 0x0000000100000000)
  region size 1024K, 2 young (2048K), 2 survivors (2048K)
 Metaspace       used 111295K, capacity 114001K, committed 114224K, reserved 1148928K
  class space    used 14121K, capacity 15113K, committed 15232K, reserved 1048576K
}
Event: 6700.261 GC heap before
{Heap before GC invocations=102 (full 0):
 garbage-first heap   total 225280K, used 177840K [0x0000000080000000, 0x0000000100000000)
  region size 1024K, 38 young (38912K), 2 survivors (2048K)
 Metaspace       used 111325K, capacity 114005K, committed 114224K, reserved 1148928K
  class space    used 14122K, capacity 15114K, committed 15232K, reserved 1048576K
}
Event: 6700.271 GC heap after
{Heap after GC invocations=103 (full 0):
 garbage-first heap   total 225280K, used 144657K [0x0000000080000000, 0x0000000100000000)
  region size 1024K, 4 young (4096K), 4 survivors (4096K)
 Metaspace       used 111325K, capacity 114005K, committed 114224K, reserved 1148928K
  class space    used 14122K, capacity 15114K, committed 15232K, reserved 1048576K
}
Event: 6734.671 GC heap before
{Heap before GC invocations=104 (full 0):
 garbage-first heap   total 225280K, used 180497K [0x0000000080000000, 0x0000000100000000)
  region size 1024K, 40 young (40960K), 4 survivors (4096K)
 Metaspace       used 113122K, capacity 116046K, committed 116400K, reserved 1150976K
  class space    used 14410K, capacity 15505K, committed 15616K, reserved 1048576K
}
Event: 6734.724 GC heap after
{Heap after GC invocations=105 (full 0):
 garbage-first heap   total 225280K, used 146665K [0x0000000080000000, 0x0000000100000000)
  region size 1024K, 3 young (3072K), 3 survivors (3072K)
 Metaspace       used 113122K, capacity 116046K, committed 116400K, reserved 1150976K
  class space    used 14410K, capacity 15505K, committed 15616K, reserved 1048576K
}
Event: 6757.494 GC heap before
{Heap before GC invocations=105 (full 0):
 garbage-first heap   total 225280K, used 153833K [0x0000000080000000, 0x0000000100000000)
  region size 1024K, 11 young (11264K), 3 survivors (3072K)
 Metaspace       used 113563K, capacity 116601K, committed 116912K, reserved 1150976K
  class space    used 14473K, capacity 15556K, committed 15616K, reserved 1048576K
}
Event: 6757.625 GC heap after
{Heap after GC invocations=106 (full 0):
 garbage-first heap   total 225280K, used 143662K [0x0000000080000000, 0x0000000100000000)
  region size 1024K, 1 young (1024K), 1 survivors (1024K)
 Metaspace       used 113563K, capacity 116601K, committed 116912K, reserved 1150976K
  class space    used 14473K, capacity 15556K, committed 15616K, reserved 1048576K
}
Event: 6811.670 GC heap before
{Heap before GC invocations=106 (full 0):
 garbage-first heap   total 225280K, used 181550K [0x0000000080000000, 0x0000000100000000)
  region size 1024K, 39 young (39936K), 1 survivors (1024K)
 Metaspace       used 113980K, capacity 116971K, committed 117168K, reserved 1150976K
  class space    used 14515K, capacity 15612K, committed 15616K, reserved 1048576K
}
Event: 6811.918 GC heap after
{Heap after GC invocations=107 (full 0):
 garbage-first heap   total 270336K, used 148348K [0x0000000080000000, 0x0000000100000000)
  region size 1024K, 5 young (5120K), 5 survivors (5120K)
 Metaspace       used 113980K, capacity 116971K, committed 117168K, reserved 1150976K
  class space    used 14515K, capacity 15612K, committed 15616K, reserved 1048576K
}
Event: 6817.421 GC heap before
{Heap before GC invocations=108 (full 0):
 garbage-first heap   total 270336K, used 201596K [0x0000000080000000, 0x0000000100000000)
  region size 1024K, 58 young (59392K), 5 survivors (5120K)
 Metaspace       used 114069K, capacity 117047K, committed 117552K, reserved 1150976K
  class space    used 14486K, capacity 15553K, committed 15744K, reserved 1048576K
}
Event: 6817.453 GC heap after
{Heap after GC invocations=109 (full 0):
 garbage-first heap   total 270336K, used 148531K [0x0000000080000000, 0x0000000100000000)
  region size 1024K, 5 young (5120K), 5 survivors (5120K)
 Metaspace       used 114069K, capacity 117047K, committed 117552K, reserved 1150976K
  class space    used 14486K, capacity 15553K, committed 15744K, reserved 1048576K
}

