# JRE version: OpenJDK Runtime Environment (11.0.11+9) (build 11.0.11+9-b60-7590822)
# Java VM: OpenJDK 64-Bit Server VM (11.0.11+9-b60-7590822, mixed mode, tiered, compressed oops, g1 gc, windows-amd64)
Heap:
 garbage-first heap   total 187392K, used 132381K [0x0000000080000000, 0x0000000100000000)
  region size 1024K, 18 young (18432K), 2 survivors (2048K)
 Metaspace       used 105183K, capacity 107909K, committed 108244K, reserved 1142784K
  class space    used 13395K, capacity 14376K, committed 14464K, reserved 1048576K
GC Heap History (20 events):
Event: 23.744 GC heap before
{Heap before GC invocations=31 (full 0):
 garbage-first heap   total 155648K, used 126642K [0x0000000080000000, 0x0000000100000000)
  region size 1024K, 38 young (38912K), 5 survivors (5120K)
 Metaspace       used 87530K, capacity 89678K, committed 90196K, reserved 1128448K
  class space    used 11290K, capacity 12081K, committed 12288K, reserved 1048576K
}
Event: 23.754 GC heap after
{Heap after GC invocations=32 (full 0):
 garbage-first heap   total 187392K, used 96116K [0x0000000080000000, 0x0000000100000000)
  region size 1024K, 4 young (4096K), 4 survivors (4096K)
 Metaspace       used 87530K, capacity 89678K, committed 90196K, reserved 1128448K
  class space    used 11290K, capacity 12081K, committed 12288K, reserved 1048576K
}
Event: 24.468 GC heap before
{Heap before GC invocations=33 (full 0):
 garbage-first heap   total 187392K, used 141172K [0x0000000080000000, 0x0000000100000000)
  region size 1024K, 49 young (50176K), 4 survivors (4096K)
 Metaspace       used 90847K, capacity 92974K, committed 93396K, reserved 1130496K
  class space    used 11723K, capacity 12497K, committed 12672K, reserved 1048576K
}
Event: 24.475 GC heap after
{Heap after GC invocations=34 (full 0):
 garbage-first heap   total 187392K, used 97165K [0x0000000080000000, 0x0000000100000000)
  region size 1024K, 5 young (5120K), 5 survivors (5120K)
 Metaspace       used 90847K, capacity 92974K, committed 93396K, reserved 1130496K
  class space    used 11723K, capacity 12497K, committed 12672K, reserved 1048576K
}
Event: 26.113 GC heap before
{Heap before GC invocations=34 (full 0):
 garbage-first heap   total 187392K, used 144269K [0x0000000080000000, 0x0000000100000000)
  region size 1024K, 52 young (53248K), 5 survivors (5120K)
 Metaspace       used 93412K, capacity 95656K, committed 95956K, reserved 1132544K
  class space    used 12037K, capacity 12833K, committed 12928K, reserved 1048576K
}
Event: 26.123 GC heap after
{Heap after GC invocations=35 (full 0):
 garbage-first heap   total 187392K, used 100214K [0x0000000080000000, 0x0000000100000000)
  region size 1024K, 5 young (5120K), 5 survivors (5120K)
 Metaspace       used 93412K, capacity 95656K, committed 95956K, reserved 1132544K
  class space    used 12037K, capacity 12833K, committed 12928K, reserved 1048576K
}
Event: 26.882 GC heap before
{Heap before GC invocations=36 (full 0):
 garbage-first heap   total 187392K, used 146294K [0x0000000080000000, 0x0000000100000000)
  region size 1024K, 51 young (52224K), 5 survivors (5120K)
 Metaspace       used 94653K, capacity 96947K, committed 97108K, reserved 1134592K
  class space    used 12184K, capacity 13002K, committed 13056K, reserved 1048576K
}
Event: 26.896 GC heap after
{Heap after GC invocations=37 (full 0):
 garbage-first heap   total 187392K, used 104225K [0x0000000080000000, 0x0000000100000000)
  region size 1024K, 7 young (7168K), 7 survivors (7168K)
 Metaspace       used 94653K, capacity 96947K, committed 97108K, reserved 1134592K
  class space    used 12184K, capacity 13002K, committed 13056K, reserved 1048576K
}
Event: 53.084 GC heap before
{Heap before GC invocations=37 (full 0):
 garbage-first heap   total 187392K, used 150305K [0x0000000080000000, 0x0000000100000000)
  region size 1024K, 53 young (54272K), 7 survivors (7168K)
 Metaspace       used 95732K, capacity 98084K, committed 98388K, reserved 1134592K
  class space    used 12365K, capacity 13200K, committed 13312K, reserved 1048576K
}
Event: 53.092 GC heap after
{Heap after GC invocations=38 (full 0):
 garbage-first heap   total 187392K, used 107957K [0x0000000080000000, 0x0000000100000000)
  region size 1024K, 5 young (5120K), 5 survivors (5120K)
 Metaspace       used 95732K, capacity 98084K, committed 98388K, reserved 1134592K
  class space    used 12365K, capacity 13200K, committed 13312K, reserved 1048576K
}
Event: 71.265 GC heap before
{Heap before GC invocations=39 (full 0):
 garbage-first heap   total 187392K, used 154037K [0x0000000080000000, 0x0000000100000000)
  region size 1024K, 49 young (50176K), 5 survivors (5120K)
 Metaspace       used 96429K, capacity 98921K, committed 99028K, reserved 1134592K
  class space    used 12457K, capacity 13353K, committed 13440K, reserved 1048576K
}
Event: 71.288 GC heap after
{Heap after GC invocations=40 (full 0):
 garbage-first heap   total 187392K, used 119134K [0x0000000080000000, 0x0000000100000000)
  region size 1024K, 7 young (7168K), 7 survivors (7168K)
 Metaspace       used 96429K, capacity 98921K, committed 99028K, reserved 1134592K
  class space    used 12457K, capacity 13353K, committed 13440K, reserved 1048576K
}
Event: 71.375 GC heap before
{Heap before GC invocations=40 (full 0):
 garbage-first heap   total 187392K, used 121182K [0x0000000080000000, 0x0000000100000000)
  region size 1024K, 9 young (9216K), 7 survivors (7168K)
 Metaspace       used 96445K, capacity 98927K, committed 99028K, reserved 1134592K
  class space    used 12459K, capacity 13354K, committed 13440K, reserved 1048576K
}
Event: 71.394 GC heap after
{Heap after GC invocations=41 (full 0):
 garbage-first heap   total 187392K, used 118834K [0x0000000080000000, 0x0000000100000000)
  region size 1024K, 2 young (2048K), 2 survivors (2048K)
 Metaspace       used 96445K, capacity 98927K, committed 99028K, reserved 1134592K
  class space    used 12459K, capacity 13354K, committed 13440K, reserved 1048576K
}
Event: 71.583 GC heap before
{Heap before GC invocations=41 (full 0):
 garbage-first heap   total 187392K, used 124978K [0x0000000080000000, 0x0000000100000000)
  region size 1024K, 9 young (9216K), 2 survivors (2048K)
 Metaspace       used 96577K, capacity 99145K, committed 99284K, reserved 1134592K
  class space    used 12472K, capacity 13396K, committed 13440K, reserved 1048576K
}
Event: 71.588 GC heap after
{Heap after GC invocations=42 (full 0):
 garbage-first heap   total 187392K, used 118509K [0x0000000080000000, 0x0000000100000000)
  region size 1024K, 1 young (1024K), 1 survivors (1024K)
 Metaspace       used 96577K, capacity 99145K, committed 99284K, reserved 1134592K
  class space    used 12472K, capacity 13396K, committed 13440K, reserved 1048576K
}
Event: 72.991 GC heap before
{Heap before GC invocations=43 (full 0):
 garbage-first heap   total 187392K, used 155373K [0x0000000080000000, 0x0000000100000000)
  region size 1024K, 32 young (32768K), 1 survivors (1024K)
 Metaspace       used 103389K, capacity 105962K, committed 106196K, reserved 1140736K
  class space    used 13226K, capacity 14196K, committed 14208K, reserved 1048576K
}
Event: 72.999 GC heap after
{Heap after GC invocations=44 (full 0):
 garbage-first heap   total 187392K, used 124137K [0x0000000080000000, 0x0000000100000000)
  region size 1024K, 4 young (4096K), 4 survivors (4096K)
 Metaspace       used 103389K, capacity 105962K, committed 106196K, reserved 1140736K
  class space    used 13226K, capacity 14196K, committed 14208K, reserved 1048576K
}
Event: 73.147 GC heap before
{Heap before GC invocations=44 (full 0):
 garbage-first heap   total 187392K, used 130281K [0x0000000080000000, 0x0000000100000000)
  region size 1024K, 9 young (9216K), 4 survivors (4096K)
 Metaspace       used 103562K, capacity 106210K, committed 106324K, reserved 1140736K
  class space    used 13251K, capacity 14236K, committed 14336K, reserved 1048576K
}
Event: 73.163 GC heap after
{Heap after GC invocations=45 (full 0):
 garbage-first heap   total 187392K, used 117021K [0x0000000080000000, 0x0000000100000000)
  region size 1024K, 2 young (2048K), 2 survivors (2048K)
 Metaspace       used 103562K, capacity 106210K, committed 106324K, reserved 1140736K
  class space    used 13251K, capacity 14236K, committed 14336K, reserved 1048576K
}

